[ 2015-12-07T14:52:10+08:00 ] 127.0.0.1 /User/Login/index.html
INFO: [ app_init ] --START--
INFO: Run Behavior\BuildLiteBehavior [ RunTime:0.000009s ]
INFO: [ app_init ] --END-- [ RunTime:0.000204s ]
INFO: [ app_begin ] --START--
INFO: Run Behavior\ReadHtmlCacheBehavior [ RunTime:0.000603s ]
INFO: [ app_begin ] --END-- [ RunTime:0.000701s ]
NOTIC: [8] A session had already been started - ignoring session_start() /Users/admin/Sites/aliyunShuning/tuxi/ThinkPHP/Common/functions.php 第 1263 行.
INFO: [ view_parse ] --START--
INFO: [ template_filter ] --START--
INFO: Run Behavior\ContentReplaceBehavior [ RunTime:0.000050s ]
INFO: [ template_filter ] --END-- [ RunTime:0.000110s ]
NOTIC: [8] Undefined index: status /Users/admin/Sites/aliyunShuning/tuxi/Application/Runtime/Cache/User/cd7f950d5de11f03979102b93709231a.php 第 40 行.
INFO: Run Behavior\ParseTemplateBehavior [ RunTime:0.007363s ]
INFO: [ view_parse ] --END-- [ RunTime:0.007458s ]
INFO: [ view_filter ] --START--
INFO: Run Behavior\WriteHtmlCacheBehavior [ RunTime:0.000238s ]
INFO: [ view_filter ] --END-- [ RunTime:0.000270s ]
INFO: [ app_end ] --START--
INFO: Run Behavior\ShowPageTraceBehavior [ RunTime:0.000410s ]
INFO: [ app_end ] --END-- [ RunTime:0.000449s ]

[ 2015-12-07T14:52:15+08:00 ] 127.0.0.1 /User/login/Landing.html
INFO: [ app_init ] --START--
INFO: Run Behavior\BuildLiteBehavior [ RunTime:0.000019s ]
INFO: [ app_init ] --END-- [ RunTime:0.000468s ]
INFO: [ app_begin ] --START--
INFO: Run Behavior\ReadHtmlCacheBehavior [ RunTime:0.000258s ]
INFO: [ app_begin ] --END-- [ RunTime:0.000294s ]
NOTIC: [8] A session had already been started - ignoring session_start() /Users/admin/Sites/aliyunShuning/tuxi/ThinkPHP/Common/functions.php 第 1263 行.
INFO: [ view_parse ] --START--
INFO: [ template_filter ] --START--
INFO: Run Behavior\ContentReplaceBehavior [ RunTime:0.000036s ]
INFO: [ template_filter ] --END-- [ RunTime:0.000078s ]
NOTIC: [8] Undefined index: status /Users/admin/Sites/aliyunShuning/tuxi/Application/Runtime/Cache/User/eabfd0a8ce94138d9e2103e08d44bef8.php 第 40 行.
INFO: Run Behavior\ParseTemplateBehavior [ RunTime:0.011077s ]
INFO: [ view_parse ] --END-- [ RunTime:0.011108s ]
INFO: [ view_filter ] --START--
INFO: Run Behavior\WriteHtmlCacheBehavior [ RunTime:0.000114s ]
INFO: [ view_filter ] --END-- [ RunTime:0.000139s ]
INFO: [ app_end ] --START--
INFO: Run Behavior\ShowPageTraceBehavior [ RunTime:0.000273s ]
INFO: [ app_end ] --END-- [ RunTime:0.000297s ]

[ 2015-12-07T14:52:16+08:00 ] 127.0.0.1 /User/login/index.html
INFO: [ app_init ] --START--
INFO: Run Behavior\BuildLiteBehavior [ RunTime:0.000007s ]
INFO: [ app_init ] --END-- [ RunTime:0.000170s ]
INFO: [ app_begin ] --START--
INFO: Run Behavior\ReadHtmlCacheBehavior [ RunTime:0.000215s ]
INFO: [ app_begin ] --END-- [ RunTime:0.000246s ]
NOTIC: [8] A session had already been started - ignoring session_start() /Users/admin/Sites/aliyunShuning/tuxi/ThinkPHP/Common/functions.php 第 1263 行.
INFO: [ view_parse ] --START--
INFO: [ template_filter ] --START--
INFO: Run Behavior\ContentReplaceBehavior [ RunTime:0.000033s ]
INFO: [ template_filter ] --END-- [ RunTime:0.000067s ]
NOTIC: [8] Undefined index: status /Users/admin/Sites/aliyunShuning/tuxi/Application/Runtime/Cache/User/cd7f950d5de11f03979102b93709231a.php 第 40 行.
INFO: Run Behavior\ParseTemplateBehavior [ RunTime:0.010253s ]
INFO: [ view_parse ] --END-- [ RunTime:0.010369s ]
INFO: [ view_filter ] --START--
INFO: Run Behavior\WriteHtmlCacheBehavior [ RunTime:0.000458s ]
INFO: [ view_filter ] --END-- [ RunTime:0.000555s ]
INFO: [ app_end ] --START--
INFO: Run Behavior\ShowPageTraceBehavior [ RunTime:0.000867s ]
INFO: [ app_end ] --END-- [ RunTime:0.000985s ]

[ 2015-12-07T14:52:18+08:00 ] 127.0.0.1 /User/login/Landing.html
INFO: [ app_init ] --START--
INFO: Run Behavior\BuildLiteBehavior [ RunTime:0.000009s ]
INFO: [ app_init ] --END-- [ RunTime:0.000185s ]
INFO: [ app_begin ] --START--
INFO: Run Behavior\ReadHtmlCacheBehavior [ RunTime:0.000231s ]
INFO: [ app_begin ] --END-- [ RunTime:0.000261s ]
NOTIC: [8] A session had already been started - ignoring session_start() /Users/admin/Sites/aliyunShuning/tuxi/ThinkPHP/Common/functions.php 第 1263 行.
INFO: [ view_parse ] --START--
INFO: [ template_filter ] --START--
INFO: Run Behavior\ContentReplaceBehavior [ RunTime:0.000057s ]
INFO: [ template_filter ] --END-- [ RunTime:0.000114s ]
NOTIC: [8] Undefined index: status /Users/admin/Sites/aliyunShuning/tuxi/Application/Runtime/Cache/User/eabfd0a8ce94138d9e2103e08d44bef8.php 第 40 行.
INFO: Run Behavior\ParseTemplateBehavior [ RunTime:0.005630s ]
INFO: [ view_parse ] --END-- [ RunTime:0.005671s ]
INFO: [ view_filter ] --START--
INFO: Run Behavior\WriteHtmlCacheBehavior [ RunTime:0.000166s ]
INFO: [ view_filter ] --END-- [ RunTime:0.000208s ]
INFO: [ app_end ] --START--
INFO: Run Behavior\ShowPageTraceBehavior [ RunTime:0.000455s ]
INFO: [ app_end ] --END-- [ RunTime:0.000498s ]

[ 2015-12-07T14:52:19+08:00 ] 127.0.0.1 /User/login/index.html
INFO: [ app_init ] --START--
INFO: Run Behavior\BuildLiteBehavior [ RunTime:0.000008s ]
INFO: [ app_init ] --END-- [ RunTime:0.000177s ]
INFO: [ app_begin ] --START--
INFO: Run Behavior\ReadHtmlCacheBehavior [ RunTime:0.000227s ]
INFO: [ app_begin ] --END-- [ RunTime:0.000256s ]
NOTIC: [8] A session had already been started - ignoring session_start() /Users/admin/Sites/aliyunShuning/tuxi/ThinkPHP/Common/functions.php 第 1263 行.
INFO: [ view_parse ] --START--
INFO: [ template_filter ] --START--
INFO: Run Behavior\ContentReplaceBehavior [ RunTime:0.000035s ]
INFO: [ template_filter ] --END-- [ RunTime:0.000075s ]
NOTIC: [8] Undefined index: status /Users/admin/Sites/aliyunShuning/tuxi/Application/Runtime/Cache/User/cd7f950d5de11f03979102b93709231a.php 第 40 行.
INFO: Run Behavior\ParseTemplateBehavior [ RunTime:0.004649s ]
INFO: [ view_parse ] --END-- [ RunTime:0.004677s ]
INFO: [ view_filter ] --START--
INFO: Run Behavior\WriteHtmlCacheBehavior [ RunTime:0.000100s ]
INFO: [ view_filter ] --END-- [ RunTime:0.000122s ]
INFO: [ app_end ] --START--
INFO: Run Behavior\ShowPageTraceBehavior [ RunTime:0.000263s ]
INFO: [ app_end ] --END-- [ RunTime:0.000286s ]

[ 2015-12-07T14:52:22+08:00 ] 127.0.0.1 /User/login/Landing.html
INFO: [ app_init ] --START--
INFO: Run Behavior\BuildLiteBehavior [ RunTime:0.000008s ]
INFO: [ app_init ] --END-- [ RunTime:0.000183s ]
INFO: [ app_begin ] --START--
INFO: Run Behavior\ReadHtmlCacheBehavior [ RunTime:0.000229s ]
INFO: [ app_begin ] --END-- [ RunTime:0.000258s ]
NOTIC: [8] A session had already been started - ignoring session_start() /Users/admin/Sites/aliyunShuning/tuxi/ThinkPHP/Common/functions.php 第 1263 行.
INFO: [ view_parse ] --START--
INFO: [ template_filter ] --START--
INFO: Run Behavior\ContentReplaceBehavior [ RunTime:0.000035s ]
INFO: [ template_filter ] --END-- [ RunTime:0.000074s ]
NOTIC: [8] Undefined index: status /Users/admin/Sites/aliyunShuning/tuxi/Application/Runtime/Cache/User/eabfd0a8ce94138d9e2103e08d44bef8.php 第 40 行.
INFO: Run Behavior\ParseTemplateBehavior [ RunTime:0.004449s ]
INFO: [ view_parse ] --END-- [ RunTime:0.004478s ]
INFO: [ view_filter ] --START--
INFO: Run Behavior\WriteHtmlCacheBehavior [ RunTime:0.000104s ]
INFO: [ view_filter ] --END-- [ RunTime:0.000126s ]
INFO: [ app_end ] --START--
INFO: Run Behavior\ShowPageTraceBehavior [ RunTime:0.000251s ]
INFO: [ app_end ] --END-- [ RunTime:0.000274s ]

[ 2015-12-07T14:52:23+08:00 ] 127.0.0.1 /User/login/index.html
INFO: [ app_init ] --START--
INFO: Run Behavior\BuildLiteBehavior [ RunTime:0.000008s ]
INFO: [ app_init ] --END-- [ RunTime:0.000170s ]
INFO: [ app_begin ] --START--
INFO: Run Behavior\ReadHtmlCacheBehavior [ RunTime:0.000213s ]
INFO: [ app_begin ] --END-- [ RunTime:0.000240s ]
NOTIC: [8] A session had already been started - ignoring session_start() /Users/admin/Sites/aliyunShuning/tuxi/ThinkPHP/Common/functions.php 第 1263 行.
INFO: [ view_parse ] --START--
INFO: [ template_filter ] --START--
INFO: Run Behavior\ContentReplaceBehavior [ RunTime:0.000028s ]
INFO: [ template_filter ] --END-- [ RunTime:0.000057s ]
NOTIC: [8] Undefined index: status /Users/admin/Sites/aliyunShuning/tuxi/Application/Runtime/Cache/User/cd7f950d5de11f03979102b93709231a.php 第 40 行.
INFO: Run Behavior\ParseTemplateBehavior [ RunTime:0.004144s ]
INFO: [ view_parse ] --END-- [ RunTime:0.004168s ]
INFO: [ view_filter ] --START--
INFO: Run Behavior\WriteHtmlCacheBehavior [ RunTime:0.000082s ]
INFO: [ view_filter ] --END-- [ RunTime:0.000101s ]
INFO: [ app_end ] --START--
INFO: Run Behavior\ShowPageTraceBehavior [ RunTime:0.000231s ]
INFO: [ app_end ] --END-- [ RunTime:0.000252s ]

[ 2015-12-07T15:11:17+08:00 ] 127.0.0.1 /User/Login/debark.html?username=admin&password=jixiaoshan520
INFO: [ app_init ] --START--
INFO: Run Behavior\BuildLiteBehavior [ RunTime:0.000013s ]
INFO: [ app_init ] --END-- [ RunTime:0.000421s ]
INFO: [ app_begin ] --START--
INFO: Run Behavior\ReadHtmlCacheBehavior [ RunTime:0.000588s ]
INFO: [ app_begin ] --END-- [ RunTime:0.000633s ]
NOTIC: [8] A session had already been started - ignoring session_start() /Users/admin/Sites/aliyunShuning/tuxi/ThinkPHP/Common/functions.php 第 1263 行.
SQL: SHOW COLUMNS FROM `x_user` [ RunTime:0.0231s ]
SQL: SELECT * FROM `x_user` WHERE `user_name` = 'admin' LIMIT 1   [ RunTime:0.0208s ]
SQL: SHOW COLUMNS FROM `x_user_behavior` [ RunTime:0.0196s ]
SQL: INSERT INTO `x_user_behavior` (`type`,`ope_time`,`ope_ip`,`remark`) VALUES ('2','2015-12-07 15:11:16','127.0.0.1','') [ RunTime:0.0490s ]

[ 2015-12-07T15:11:17+08:00 ] 127.0.0.1 /User/Index/index.html
INFO: [ app_init ] --START--
INFO: Run Behavior\BuildLiteBehavior [ RunTime:0.000010s ]
INFO: [ app_init ] --END-- [ RunTime:0.000226s ]
INFO: [ app_begin ] --START--
INFO: Run Behavior\ReadHtmlCacheBehavior [ RunTime:0.000232s ]
INFO: [ app_begin ] --END-- [ RunTime:0.000259s ]
NOTIC: [8] A session had already been started - ignoring session_start() /Users/admin/Sites/aliyunShuning/tuxi/ThinkPHP/Common/functions.php 第 1263 行.
SQL: SHOW COLUMNS FROM `x_user` [ RunTime:0.0248s ]
SQL: SELECT * FROM `x_user` WHERE `id` = '1' LIMIT 1   [ RunTime:0.0229s ]
SQL: SHOW COLUMNS FROM `x_collect` [ RunTime:0.0212s ]
NOTIC: [8] Undefined index: genre /Users/admin/Sites/aliyunShuning/tuxi/Application/User/Controller/IndexController.class.php 第 20 行.
SQL: SELECT * FROM `x_collect` INNER JOIN x_photo ON x_photo.id = x_collect.works_id  WHERE `user_id` = '1' AND `like_id` = null  [ RunTime:0.0240s ]
INFO: [ view_parse ] --START--
INFO: [ template_filter ] --START--
INFO: Run Behavior\ContentReplaceBehavior [ RunTime:0.000185s ]
INFO: [ template_filter ] --END-- [ RunTime:0.000346s ]
NOTIC: [8] Undefined index: genre /Users/admin/Sites/aliyunShuning/tuxi/Application/Runtime/Cache/User/d7a7632f153cf12d0db44c934c28bcfe.php 第 122 行.
NOTIC: [8] Undefined index: genre /Users/admin/Sites/aliyunShuning/tuxi/Application/Runtime/Cache/User/d7a7632f153cf12d0db44c934c28bcfe.php 第 128 行.
INFO: Run Behavior\ParseTemplateBehavior [ RunTime:0.019034s ]
INFO: [ view_parse ] --END-- [ RunTime:0.019092s ]
INFO: [ view_filter ] --START--
INFO: Run Behavior\WriteHtmlCacheBehavior [ RunTime:0.000737s ]
INFO: [ view_filter ] --END-- [ RunTime:0.000811s ]
INFO: [ app_end ] --START--
INFO: Run Behavior\ShowPageTraceBehavior [ RunTime:0.000602s ]
INFO: [ app_end ] --END-- [ RunTime:0.000638s ]

[ 2015-12-07T15:11:20+08:00 ] 127.0.0.1 /User/Index/index/genre/1.html
INFO: [ app_init ] --START--
INFO: Run Behavior\BuildLiteBehavior [ RunTime:0.000008s ]
INFO: [ app_init ] --END-- [ RunTime:0.000178s ]
INFO: [ app_begin ] --START--
INFO: Run Behavior\ReadHtmlCacheBehavior [ RunTime:0.000225s ]
INFO: [ app_begin ] --END-- [ RunTime:0.000253s ]
NOTIC: [8] A session had already been started - ignoring session_start() /Users/admin/Sites/aliyunShuning/tuxi/ThinkPHP/Common/functions.php 第 1263 行.
SQL: SHOW COLUMNS FROM `x_user` [ RunTime:0.0245s ]
SQL: SELECT * FROM `x_user` WHERE `id` = '1' LIMIT 1   [ RunTime:0.0269s ]
SQL: SHOW COLUMNS FROM `x_collect` [ RunTime:0.0230s ]
SQL: SELECT * FROM `x_collect` INNER JOIN x_photo ON x_photo.id = x_collect.works_id  WHERE `user_id` = '1' AND `like_id` = '1'  [ RunTime:0.0295s ]
INFO: [ view_parse ] --START--
INFO: [ template_filter ] --START--
INFO: Run Behavior\ContentReplaceBehavior [ RunTime:0.000095s ]
INFO: [ template_filter ] --END-- [ RunTime:0.000208s ]
NOTIC: [8] Use of undefined constant id - assumed 'id' /Users/admin/Sites/aliyunShuning/tuxi/Application/Runtime/Cache/User/d7a7632f153cf12d0db44c934c28bcfe.php 第 156 行.
NOTIC: [8] Use of undefined constant id - assumed 'id' /Users/admin/Sites/aliyunShuning/tuxi/Application/Runtime/Cache/User/d7a7632f153cf12d0db44c934c28bcfe.php 第 156 行.
NOTIC: [8] Use of undefined constant id - assumed 'id' /Users/admin/Sites/aliyunShuning/tuxi/Application/Runtime/Cache/User/d7a7632f153cf12d0db44c934c28bcfe.php 第 156 行.
INFO: Run Behavior\ParseTemplateBehavior [ RunTime:0.009157s ]
INFO: [ view_parse ] --END-- [ RunTime:0.009197s ]
INFO: [ view_filter ] --START--
INFO: Run Behavior\WriteHtmlCacheBehavior [ RunTime:0.000156s ]
INFO: [ view_filter ] --END-- [ RunTime:0.000180s ]
INFO: [ app_end ] --START--
INFO: Run Behavior\ShowPageTraceBehavior [ RunTime:0.000413s ]
INFO: [ app_end ] --END-- [ RunTime:0.000512s ]

[ 2015-12-07T15:11:23+08:00 ] 127.0.0.1 /User/Index/index/genre/2.html
INFO: [ app_init ] --START--
INFO: Run Behavior\BuildLiteBehavior [ RunTime:0.000011s ]
INFO: [ app_init ] --END-- [ RunTime:0.000318s ]
INFO: [ app_begin ] --START--
INFO: Run Behavior\ReadHtmlCacheBehavior [ RunTime:0.000246s ]
INFO: [ app_begin ] --END-- [ RunTime:0.000278s ]
NOTIC: [8] A session had already been started - ignoring session_start() /Users/admin/Sites/aliyunShuning/tuxi/ThinkPHP/Common/functions.php 第 1263 行.
SQL: SHOW COLUMNS FROM `x_user` [ RunTime:0.0660s ]
SQL: SELECT * FROM `x_user` WHERE `id` = '1' LIMIT 1   [ RunTime:0.0955s ]
SQL: SHOW COLUMNS FROM `x_collect` [ RunTime:0.0256s ]
SQL: SELECT * FROM `x_collect` INNER JOIN x_photo ON x_photo.id = x_collect.works_id  WHERE `user_id` = '1' AND `like_id` = '2'  [ RunTime:0.0276s ]
INFO: [ view_parse ] --START--
INFO: [ template_filter ] --START--
INFO: Run Behavior\ContentReplaceBehavior [ RunTime:0.000038s ]
INFO: [ template_filter ] --END-- [ RunTime:0.000077s ]
NOTIC: [8] Use of undefined constant id - assumed 'id' /Users/admin/Sites/aliyunShuning/tuxi/Application/Runtime/Cache/User/d7a7632f153cf12d0db44c934c28bcfe.php 第 156 行.
NOTIC: [8] Use of undefined constant id - assumed 'id' /Users/admin/Sites/aliyunShuning/tuxi/Application/Runtime/Cache/User/d7a7632f153cf12d0db44c934c28bcfe.php 第 156 行.
NOTIC: [8] Use of undefined constant id - assumed 'id' /Users/admin/Sites/aliyunShuning/tuxi/Application/Runtime/Cache/User/d7a7632f153cf12d0db44c934c28bcfe.php 第 156 行.
INFO: Run Behavior\ParseTemplateBehavior [ RunTime:0.009047s ]
INFO: [ view_parse ] --END-- [ RunTime:0.009113s ]
INFO: [ view_filter ] --START--
INFO: Run Behavior\WriteHtmlCacheBehavior [ RunTime:0.000367s ]
INFO: [ view_filter ] --END-- [ RunTime:0.000420s ]
INFO: [ app_end ] --START--
INFO: Run Behavior\ShowPageTraceBehavior [ RunTime:0.000503s ]
INFO: [ app_end ] --END-- [ RunTime:0.000565s ]

[ 2015-12-07T15:11:24+08:00 ] 127.0.0.1 /User/Index/index/genre/1.html
INFO: [ app_init ] --START--
INFO: Run Behavior\BuildLiteBehavior [ RunTime:0.000008s ]
INFO: [ app_init ] --END-- [ RunTime:0.000168s ]
INFO: [ app_begin ] --START--
INFO: Run Behavior\ReadHtmlCacheBehavior [ RunTime:0.000211s ]
INFO: [ app_begin ] --END-- [ RunTime:0.000238s ]
NOTIC: [8] A session had already been started - ignoring session_start() /Users/admin/Sites/aliyunShuning/tuxi/ThinkPHP/Common/functions.php 第 1263 行.
SQL: SHOW COLUMNS FROM `x_user` [ RunTime:0.0214s ]
SQL: SELECT * FROM `x_user` WHERE `id` = '1' LIMIT 1   [ RunTime:0.0207s ]
SQL: SHOW COLUMNS FROM `x_collect` [ RunTime:0.0328s ]
SQL: SELECT * FROM `x_collect` INNER JOIN x_photo ON x_photo.id = x_collect.works_id  WHERE `user_id` = '1' AND `like_id` = '1'  [ RunTime:0.0277s ]
INFO: [ view_parse ] --START--
INFO: [ template_filter ] --START--
INFO: Run Behavior\ContentReplaceBehavior [ RunTime:0.000043s ]
INFO: [ template_filter ] --END-- [ RunTime:0.000084s ]
NOTIC: [8] Use of undefined constant id - assumed 'id' /Users/admin/Sites/aliyunShuning/tuxi/Application/Runtime/Cache/User/d7a7632f153cf12d0db44c934c28bcfe.php 第 156 行.
NOTIC: [8] Use of undefined constant id - assumed 'id' /Users/admin/Sites/aliyunShuning/tuxi/Application/Runtime/Cache/User/d7a7632f153cf12d0db44c934c28bcfe.php 第 156 行.
NOTIC: [8] Use of undefined constant id - assumed 'id' /Users/admin/Sites/aliyunShuning/tuxi/Application/Runtime/Cache/User/d7a7632f153cf12d0db44c934c28bcfe.php 第 156 行.
INFO: Run Behavior\ParseTemplateBehavior [ RunTime:0.009175s ]
INFO: [ view_parse ] --END-- [ RunTime:0.009211s ]
INFO: [ view_filter ] --START--
INFO: Run Behavior\WriteHtmlCacheBehavior [ RunTime:0.000115s ]
INFO: [ view_filter ] --END-- [ RunTime:0.000139s ]
INFO: [ app_end ] --START--
INFO: Run Behavior\ShowPageTraceBehavior [ RunTime:0.000279s ]
INFO: [ app_end ] --END-- [ RunTime:0.000307s ]

[ 2015-12-07T15:15:44+08:00 ] 127.0.0.1 /user
INFO: [ app_init ] --START--
INFO: Run Behavior\BuildLiteBehavior [ RunTime:0.000030s ]
INFO: [ app_init ] --END-- [ RunTime:0.000446s ]
INFO: [ app_begin ] --START--
INFO: Run Behavior\ReadHtmlCacheBehavior [ RunTime:0.001175s ]
INFO: [ app_begin ] --END-- [ RunTime:0.001366s ]
NOTIC: [8] A session had already been started - ignoring session_start() /Users/admin/Sites/aliyunShuning/tuxi/ThinkPHP/Common/functions.php 第 1263 行.
NOTIC: [8] Undefined index: uid /Users/admin/Sites/aliyunShuning/tuxi/Application/User/Controller/CommonController.class.php 第 6 行.

[ 2015-12-07T15:15:44+08:00 ] 127.0.0.1 /User/Login/Landing.html
INFO: [ app_init ] --START--
INFO: Run Behavior\BuildLiteBehavior [ RunTime:0.000013s ]
INFO: [ app_init ] --END-- [ RunTime:0.000328s ]
INFO: [ app_begin ] --START--
INFO: Run Behavior\ReadHtmlCacheBehavior [ RunTime:0.000477s ]
INFO: [ app_begin ] --END-- [ RunTime:0.000534s ]
NOTIC: [8] A session had already been started - ignoring session_start() /Users/admin/Sites/aliyunShuning/tuxi/ThinkPHP/Common/functions.php 第 1263 行.
INFO: [ view_parse ] --START--
INFO: [ template_filter ] --START--
INFO: Run Behavior\ContentReplaceBehavior [ RunTime:0.000047s ]
INFO: [ template_filter ] --END-- [ RunTime:0.000092s ]
NOTIC: [8] Undefined index: status /Users/admin/Sites/aliyunShuning/tuxi/Application/Runtime/Cache/User/eabfd0a8ce94138d9e2103e08d44bef8.php 第 40 行.
INFO: Run Behavior\ParseTemplateBehavior [ RunTime:0.032548s ]
INFO: [ view_parse ] --END-- [ RunTime:0.032587s ]
INFO: [ view_filter ] --START--
INFO: Run Behavior\WriteHtmlCacheBehavior [ RunTime:0.000097s ]
INFO: [ view_filter ] --END-- [ RunTime:0.000116s ]
INFO: [ app_end ] --START--
INFO: Run Behavior\ShowPageTraceBehavior [ RunTime:0.000368s ]
INFO: [ app_end ] --END-- [ RunTime:0.000401s ]

