[ 2015-12-07T14:26:38+08:00 ] 127.0.0.1 /
INFO: [ app_init ] --START--
INFO: Run Behavior\BuildLiteBehavior [ RunTime:0.000026s ]
INFO: [ app_init ] --END-- [ RunTime:0.000535s ]
INFO: [ app_begin ] --START--
INFO: Run Behavior\ReadHtmlCacheBehavior [ RunTime:0.000521s ]
INFO: [ app_begin ] --END-- [ RunTime:0.000571s ]
NOTIC: [8] A session had already been started - ignoring session_start() /Users/admin/Sites/aliyunShuning/tuxi/ThinkPHP/Common/functions.php 第 1263 行.
INFO: [ view_parse ] --START--
INFO: [ template_filter ] --START--
INFO: Run Behavior\ContentReplaceBehavior [ RunTime:0.000045s ]
INFO: [ template_filter ] --END-- [ RunTime:0.000085s ]
NOTIC: [8] Undefined index: uid /Users/admin/Sites/aliyunShuning/tuxi/Application/Runtime/Cache/Home/2a94b8bda04ff446dcedd42276fc99ee.php 第 225 行.
INFO: Run Behavior\ParseTemplateBehavior [ RunTime:0.008483s ]
INFO: [ view_parse ] --END-- [ RunTime:0.008517s ]
INFO: [ view_filter ] --START--
INFO: Run Behavior\WriteHtmlCacheBehavior [ RunTime:0.000283s ]
INFO: [ view_filter ] --END-- [ RunTime:0.000313s ]
INFO: [ app_end ] --START--
INFO: Run Behavior\ShowPageTraceBehavior [ RunTime:0.000664s ]
INFO: [ app_end ] --END-- [ RunTime:0.000719s ]

[ 2015-12-07T14:26:38+08:00 ] 127.0.0.1 /
INFO: [ app_init ] --START--
INFO: Run Behavior\BuildLiteBehavior [ RunTime:0.000014s ]
INFO: [ app_init ] --END-- [ RunTime:0.000309s ]
INFO: [ app_begin ] --START--
INFO: Run Behavior\ReadHtmlCacheBehavior [ RunTime:0.000451s ]
INFO: [ app_begin ] --END-- [ RunTime:0.000514s ]
NOTIC: [8] A session had already been started - ignoring session_start() /Users/admin/Sites/aliyunShuning/tuxi/ThinkPHP/Common/functions.php 第 1263 行.
INFO: [ view_parse ] --START--
INFO: [ template_filter ] --START--
INFO: Run Behavior\ContentReplaceBehavior [ RunTime:0.000040s ]
INFO: [ template_filter ] --END-- [ RunTime:0.000081s ]
NOTIC: [8] Undefined index: uid /Users/admin/Sites/aliyunShuning/tuxi/Application/Runtime/Cache/Home/2a94b8bda04ff446dcedd42276fc99ee.php 第 225 行.
INFO: Run Behavior\ParseTemplateBehavior [ RunTime:0.006524s ]
INFO: [ view_parse ] --END-- [ RunTime:0.006573s ]
INFO: [ view_filter ] --START--
INFO: Run Behavior\WriteHtmlCacheBehavior [ RunTime:0.000108s ]
INFO: [ view_filter ] --END-- [ RunTime:0.000130s ]
INFO: [ app_end ] --START--
INFO: Run Behavior\ShowPageTraceBehavior [ RunTime:0.000390s ]
INFO: [ app_end ] --END-- [ RunTime:0.000426s ]

[ 2015-12-07T14:26:41+08:00 ] 127.0.0.1 /Home/Photo/index.html
INFO: [ app_init ] --START--
INFO: Run Behavior\BuildLiteBehavior [ RunTime:0.000010s ]
INFO: [ app_init ] --END-- [ RunTime:0.000203s ]
INFO: [ app_begin ] --START--
INFO: Run Behavior\ReadHtmlCacheBehavior [ RunTime:0.000411s ]
INFO: [ app_begin ] --END-- [ RunTime:0.000470s ]
NOTIC: [8] A session had already been started - ignoring session_start() /Users/admin/Sites/aliyunShuning/tuxi/ThinkPHP/Common/functions.php 第 1263 行.
NOTIC: [8] Undefined index: genre /Users/admin/Sites/aliyunShuning/tuxi/Application/Home/Controller/PhotoController.class.php 第 23 行.
NOTIC: [8] Undefined index: format /Users/admin/Sites/aliyunShuning/tuxi/Application/Home/Controller/PhotoController.class.php 第 31 行.
NOTIC: [8] Undefined index: rank /Users/admin/Sites/aliyunShuning/tuxi/Application/Home/Controller/PhotoController.class.php 第 41 行.
NOTIC: [8] Undefined index: rank /Users/admin/Sites/aliyunShuning/tuxi/Application/Home/Controller/PhotoController.class.php 第 45 行.
NOTIC: [8] Undefined index: rank /Users/admin/Sites/aliyunShuning/tuxi/Application/Home/Controller/PhotoController.class.php 第 48 行.
NOTIC: [8] Undefined index: size /Users/admin/Sites/aliyunShuning/tuxi/Application/Home/Controller/PhotoController.class.php 第 52 行.
NOTIC: [8] Undefined variable: format /Users/admin/Sites/aliyunShuning/tuxi/Application/Home/Controller/PhotoController.class.php 第 61 行.
NOTIC: [8] Undefined variable: size /Users/admin/Sites/aliyunShuning/tuxi/Application/Home/Controller/PhotoController.class.php 第 63 行.
NOTIC: [8] Undefined variable: format /Users/admin/Sites/aliyunShuning/tuxi/Application/Home/Controller/PhotoController.class.php 第 65 行.
NOTIC: [8] Use of undefined constant desc - assumed 'desc' /Users/admin/Sites/aliyunShuning/tuxi/Application/Home/Controller/PhotoController.class.php 第 71 行.
SQL: SHOW COLUMNS FROM `x_photo` [ RunTime:0.0236s ]
NOTIC: [8] Undefined variable: where /Users/admin/Sites/aliyunShuning/tuxi/Application/Home/Controller/PhotoController.class.php 第 74 行.
SQL: SELECT COUNT(*) AS tp_count FROM `x_photo` LIMIT 1   [ RunTime:0.0209s ]
NOTIC: [8] Undefined variable: where /Users/admin/Sites/aliyunShuning/tuxi/Application/Home/Controller/PhotoController.class.php 第 78 行.
SQL: SELECT * FROM `x_photo` ORDER BY `photo_rank` desc LIMIT 0,54   [ RunTime:0.0978s ]
NOTIC: [8] Undefined index: uid /Users/admin/Sites/aliyunShuning/tuxi/Application/Home/Controller/PhotoController.class.php 第 84 行.
INFO: [ view_parse ] --START--
INFO: [ template_filter ] --START--
INFO: Run Behavior\ContentReplaceBehavior [ RunTime:0.000105s ]
INFO: [ template_filter ] --END-- [ RunTime:0.000258s ]
NOTIC: [8] Undefined index: uid /Users/admin/Sites/aliyunShuning/tuxi/Application/Runtime/Cache/Home/558a3efeccaa3bb0fbbca1a94fd73cdc.php 第 51 行.
NOTIC: [8] Undefined index: collect /Users/admin/Sites/aliyunShuning/tuxi/Application/Runtime/Cache/Home/558a3efeccaa3bb0fbbca1a94fd73cdc.php 第 324 行.
NOTIC: [8] Undefined index: praise /Users/admin/Sites/aliyunShuning/tuxi/Application/Runtime/Cache/Home/558a3efeccaa3bb0fbbca1a94fd73cdc.php 第 330 行.
NOTIC: [8] Undefined index: collect /Users/admin/Sites/aliyunShuning/tuxi/Application/Runtime/Cache/Home/558a3efeccaa3bb0fbbca1a94fd73cdc.php 第 324 行.
NOTIC: [8] Undefined index: praise /Users/admin/Sites/aliyunShuning/tuxi/Application/Runtime/Cache/Home/558a3efeccaa3bb0fbbca1a94fd73cdc.php 第 330 行.
NOTIC: [8] Undefined index: collect /Users/admin/Sites/aliyunShuning/tuxi/Application/Runtime/Cache/Home/558a3efeccaa3bb0fbbca1a94fd73cdc.php 第 324 行.
NOTIC: [8] Undefined index: praise /Users/admin/Sites/aliyunShuning/tuxi/Application/Runtime/Cache/Home/558a3efeccaa3bb0fbbca1a94fd73cdc.php 第 330 行.
NOTIC: [8] Undefined index: collect /Users/admin/Sites/aliyunShuning/tuxi/Application/Runtime/Cache/Home/558a3efeccaa3bb0fbbca1a94fd73cdc.php 第 324 行.
NOTIC: [8] Undefined index: praise /Users/admin/Sites/aliyunShuning/tuxi/Application/Runtime/Cache/Home/558a3efeccaa3bb0fbbca1a94fd73cdc.php 第 330 行.
NOTIC: [8] Undefined index: collect /Users/admin/Sites/aliyunShuning/tuxi/Application/Runtime/Cache/Home/558a3efeccaa3bb0fbbca1a94fd73cdc.php 第 324 行.
NOTIC: [8] Undefined index: praise /Users/admin/Sites/aliyunShuning/tuxi/Application/Runtime/Cache/Home/558a3efeccaa3bb0fbbca1a94fd73cdc.php 第 330 行.
NOTIC: [8] Undefined index: collect /Users/admin/Sites/aliyunShuning/tuxi/Application/Runtime/Cache/Home/558a3efeccaa3bb0fbbca1a94fd73cdc.php 第 324 行.
NOTIC: [8] Undefined index: praise /Users/admin/Sites/aliyunShuning/tuxi/Application/Runtime/Cache/Home/558a3efeccaa3bb0fbbca1a94fd73cdc.php 第 330 行.
NOTIC: [8] Undefined index: collect /Users/admin/Sites/aliyunShuning/tuxi/Application/Runtime/Cache/Home/558a3efeccaa3bb0fbbca1a94fd73cdc.php 第 324 行.
NOTIC: [8] Undefined index: praise /Users/admin/Sites/aliyunShuning/tuxi/Application/Runtime/Cache/Home/558a3efeccaa3bb0fbbca1a94fd73cdc.php 第 330 行.
NOTIC: [8] Undefined index: collect /Users/admin/Sites/aliyunShuning/tuxi/Application/Runtime/Cache/Home/558a3efeccaa3bb0fbbca1a94fd73cdc.php 第 324 行.
NOTIC: [8] Undefined index: praise /Users/admin/Sites/aliyunShuning/tuxi/Application/Runtime/Cache/Home/558a3efeccaa3bb0fbbca1a94fd73cdc.php 第 330 行.
NOTIC: [8] Undefined index: collect /Users/admin/Sites/aliyunShuning/tuxi/Application/Runtime/Cache/Home/558a3efeccaa3bb0fbbca1a94fd73cdc.php 第 324 行.
NOTIC: [8] Undefined index: praise /Users/admin/Sites/aliyunShuning/tuxi/Application/Runtime/Cache/Home/558a3efeccaa3bb0fbbca1a94fd73cdc.php 第 330 行.
NOTIC: [8] Undefined index: collect /Users/admin/Sites/aliyunShuning/tuxi/Application/Runtime/Cache/Home/558a3efeccaa3bb0fbbca1a94fd73cdc.php 第 324 行.
NOTIC: [8] Undefined index: praise /Users/admin/Sites/aliyunShuning/tuxi/Application/Runtime/Cache/Home/558a3efeccaa3bb0fbbca1a94fd73cdc.php 第 330 行.
NOTIC: [8] Undefined index: collect /Users/admin/Sites/aliyunShuning/tuxi/Application/Runtime/Cache/Home/558a3efeccaa3bb0fbbca1a94fd73cdc.php 第 324 行.
NOTIC: [8] Undefined index: praise /Users/admin/Sites/aliyunShuning/tuxi/Application/Runtime/Cache/Home/558a3efeccaa3bb0fbbca1a94fd73cdc.php 第 330 行.
NOTIC: [8] Undefined index: collect /Users/admin/Sites/aliyunShuning/tuxi/Application/Runtime/Cache/Home/558a3efeccaa3bb0fbbca1a94fd73cdc.php 第 324 行.
NOTIC: [8] Undefined index: praise /Users/admin/Sites/aliyunShuning/tuxi/Application/Runtime/Cache/Home/558a3efeccaa3bb0fbbca1a94fd73cdc.php 第 330 行.
INFO: Run Behavior\ParseTemplateBehavior [ RunTime:0.024145s ]
INFO: [ view_parse ] --END-- [ RunTime:0.024182s ]
INFO: [ view_filter ] --START--
INFO: Run Behavior\WriteHtmlCacheBehavior [ RunTime:0.000116s ]
INFO: [ view_filter ] --END-- [ RunTime:0.000138s ]
INFO: [ app_end ] --START--
INFO: Run Behavior\ShowPageTraceBehavior [ RunTime:0.000492s ]
INFO: [ app_end ] --END-- [ RunTime:0.000616s ]

[ 2015-12-07T14:26:49+08:00 ] 127.0.0.1 /Home/Photo/index.html
INFO: [ app_init ] --START--
INFO: Run Behavior\BuildLiteBehavior [ RunTime:0.000012s ]
INFO: [ app_init ] --END-- [ RunTime:0.000279s ]
INFO: [ app_begin ] --START--
INFO: Run Behavior\ReadHtmlCacheBehavior [ RunTime:0.000510s ]
INFO: [ app_begin ] --END-- [ RunTime:0.000577s ]
NOTIC: [8] A session had already been started - ignoring session_start() /Users/admin/Sites/aliyunShuning/tuxi/ThinkPHP/Common/functions.php 第 1263 行.
NOTIC: [8] Undefined index: genre /Users/admin/Sites/aliyunShuning/tuxi/Application/Home/Controller/PhotoController.class.php 第 23 行.
NOTIC: [8] Undefined index: format /Users/admin/Sites/aliyunShuning/tuxi/Application/Home/Controller/PhotoController.class.php 第 31 行.
NOTIC: [8] Undefined index: rank /Users/admin/Sites/aliyunShuning/tuxi/Application/Home/Controller/PhotoController.class.php 第 41 行.
NOTIC: [8] Undefined index: rank /Users/admin/Sites/aliyunShuning/tuxi/Application/Home/Controller/PhotoController.class.php 第 45 行.
NOTIC: [8] Undefined index: rank /Users/admin/Sites/aliyunShuning/tuxi/Application/Home/Controller/PhotoController.class.php 第 48 行.
NOTIC: [8] Undefined index: size /Users/admin/Sites/aliyunShuning/tuxi/Application/Home/Controller/PhotoController.class.php 第 52 行.
NOTIC: [8] Undefined variable: format /Users/admin/Sites/aliyunShuning/tuxi/Application/Home/Controller/PhotoController.class.php 第 61 行.
NOTIC: [8] Undefined variable: size /Users/admin/Sites/aliyunShuning/tuxi/Application/Home/Controller/PhotoController.class.php 第 63 行.
NOTIC: [8] Undefined variable: format /Users/admin/Sites/aliyunShuning/tuxi/Application/Home/Controller/PhotoController.class.php 第 65 行.
NOTIC: [8] Use of undefined constant desc - assumed 'desc' /Users/admin/Sites/aliyunShuning/tuxi/Application/Home/Controller/PhotoController.class.php 第 71 行.
SQL: SHOW COLUMNS FROM `x_photo` [ RunTime:0.0245s ]
NOTIC: [8] Undefined variable: where /Users/admin/Sites/aliyunShuning/tuxi/Application/Home/Controller/PhotoController.class.php 第 74 行.
SQL: SELECT COUNT(*) AS tp_count FROM `x_photo` LIMIT 1   [ RunTime:0.0218s ]
NOTIC: [8] Undefined variable: where /Users/admin/Sites/aliyunShuning/tuxi/Application/Home/Controller/PhotoController.class.php 第 78 行.
SQL: SELECT * FROM `x_photo` ORDER BY `photo_rank` desc LIMIT 0,54   [ RunTime:0.1003s ]
NOTIC: [8] Undefined index: uid /Users/admin/Sites/aliyunShuning/tuxi/Application/Home/Controller/PhotoController.class.php 第 84 行.
INFO: [ view_parse ] --START--
INFO: [ template_filter ] --START--
INFO: Run Behavior\ContentReplaceBehavior [ RunTime:0.000049s ]
INFO: [ template_filter ] --END-- [ RunTime:0.000083s ]
NOTIC: [8] Undefined index: uid /Users/admin/Sites/aliyunShuning/tuxi/Application/Runtime/Cache/Home/558a3efeccaa3bb0fbbca1a94fd73cdc.php 第 51 行.
NOTIC: [8] Undefined index: collect /Users/admin/Sites/aliyunShuning/tuxi/Application/Runtime/Cache/Home/558a3efeccaa3bb0fbbca1a94fd73cdc.php 第 324 行.
NOTIC: [8] Undefined index: praise /Users/admin/Sites/aliyunShuning/tuxi/Application/Runtime/Cache/Home/558a3efeccaa3bb0fbbca1a94fd73cdc.php 第 330 行.
NOTIC: [8] Undefined index: collect /Users/admin/Sites/aliyunShuning/tuxi/Application/Runtime/Cache/Home/558a3efeccaa3bb0fbbca1a94fd73cdc.php 第 324 行.
NOTIC: [8] Undefined index: praise /Users/admin/Sites/aliyunShuning/tuxi/Application/Runtime/Cache/Home/558a3efeccaa3bb0fbbca1a94fd73cdc.php 第 330 行.
NOTIC: [8] Undefined index: collect /Users/admin/Sites/aliyunShuning/tuxi/Application/Runtime/Cache/Home/558a3efeccaa3bb0fbbca1a94fd73cdc.php 第 324 行.
NOTIC: [8] Undefined index: praise /Users/admin/Sites/aliyunShuning/tuxi/Application/Runtime/Cache/Home/558a3efeccaa3bb0fbbca1a94fd73cdc.php 第 330 行.
NOTIC: [8] Undefined index: collect /Users/admin/Sites/aliyunShuning/tuxi/Application/Runtime/Cache/Home/558a3efeccaa3bb0fbbca1a94fd73cdc.php 第 324 行.
NOTIC: [8] Undefined index: praise /Users/admin/Sites/aliyunShuning/tuxi/Application/Runtime/Cache/Home/558a3efeccaa3bb0fbbca1a94fd73cdc.php 第 330 行.
NOTIC: [8] Undefined index: collect /Users/admin/Sites/aliyunShuning/tuxi/Application/Runtime/Cache/Home/558a3efeccaa3bb0fbbca1a94fd73cdc.php 第 324 行.
NOTIC: [8] Undefined index: praise /Users/admin/Sites/aliyunShuning/tuxi/Application/Runtime/Cache/Home/558a3efeccaa3bb0fbbca1a94fd73cdc.php 第 330 行.
NOTIC: [8] Undefined index: collect /Users/admin/Sites/aliyunShuning/tuxi/Application/Runtime/Cache/Home/558a3efeccaa3bb0fbbca1a94fd73cdc.php 第 324 行.
NOTIC: [8] Undefined index: praise /Users/admin/Sites/aliyunShuning/tuxi/Application/Runtime/Cache/Home/558a3efeccaa3bb0fbbca1a94fd73cdc.php 第 330 行.
NOTIC: [8] Undefined index: collect /Users/admin/Sites/aliyunShuning/tuxi/Application/Runtime/Cache/Home/558a3efeccaa3bb0fbbca1a94fd73cdc.php 第 324 行.
NOTIC: [8] Undefined index: praise /Users/admin/Sites/aliyunShuning/tuxi/Application/Runtime/Cache/Home/558a3efeccaa3bb0fbbca1a94fd73cdc.php 第 330 行.
NOTIC: [8] Undefined index: collect /Users/admin/Sites/aliyunShuning/tuxi/Application/Runtime/Cache/Home/558a3efeccaa3bb0fbbca1a94fd73cdc.php 第 324 行.
NOTIC: [8] Undefined index: praise /Users/admin/Sites/aliyunShuning/tuxi/Application/Runtime/Cache/Home/558a3efeccaa3bb0fbbca1a94fd73cdc.php 第 330 行.
NOTIC: [8] Undefined index: collect /Users/admin/Sites/aliyunShuning/tuxi/Application/Runtime/Cache/Home/558a3efeccaa3bb0fbbca1a94fd73cdc.php 第 324 行.
NOTIC: [8] Undefined index: praise /Users/admin/Sites/aliyunShuning/tuxi/Application/Runtime/Cache/Home/558a3efeccaa3bb0fbbca1a94fd73cdc.php 第 330 行.
NOTIC: [8] Undefined index: collect /Users/admin/Sites/aliyunShuning/tuxi/Application/Runtime/Cache/Home/558a3efeccaa3bb0fbbca1a94fd73cdc.php 第 324 行.
NOTIC: [8] Undefined index: praise /Users/admin/Sites/aliyunShuning/tuxi/Application/Runtime/Cache/Home/558a3efeccaa3bb0fbbca1a94fd73cdc.php 第 330 行.
NOTIC: [8] Undefined index: collect /Users/admin/Sites/aliyunShuning/tuxi/Application/Runtime/Cache/Home/558a3efeccaa3bb0fbbca1a94fd73cdc.php 第 324 行.
NOTIC: [8] Undefined index: praise /Users/admin/Sites/aliyunShuning/tuxi/Application/Runtime/Cache/Home/558a3efeccaa3bb0fbbca1a94fd73cdc.php 第 330 行.
NOTIC: [8] Undefined index: collect /Users/admin/Sites/aliyunShuning/tuxi/Application/Runtime/Cache/Home/558a3efeccaa3bb0fbbca1a94fd73cdc.php 第 324 行.
NOTIC: [8] Undefined index: praise /Users/admin/Sites/aliyunShuning/tuxi/Application/Runtime/Cache/Home/558a3efeccaa3bb0fbbca1a94fd73cdc.php 第 330 行.
INFO: Run Behavior\ParseTemplateBehavior [ RunTime:0.016764s ]
INFO: [ view_parse ] --END-- [ RunTime:0.016808s ]
INFO: [ view_filter ] --START--
INFO: Run Behavior\WriteHtmlCacheBehavior [ RunTime:0.000101s ]
INFO: [ view_filter ] --END-- [ RunTime:0.000122s ]
INFO: [ app_end ] --START--
INFO: Run Behavior\ShowPageTraceBehavior [ RunTime:0.000383s ]
INFO: [ app_end ] --END-- [ RunTime:0.000424s ]

[ 2015-12-07T14:27:24+08:00 ] 127.0.0.1 /Home/Photo/index.html
INFO: [ app_init ] --START--
INFO: Run Behavior\BuildLiteBehavior [ RunTime:0.000020s ]
INFO: [ app_init ] --END-- [ RunTime:0.000511s ]
INFO: [ app_begin ] --START--
INFO: Run Behavior\ReadHtmlCacheBehavior [ RunTime:0.000551s ]
INFO: [ app_begin ] --END-- [ RunTime:0.000590s ]
NOTIC: [8] A session had already been started - ignoring session_start() /Users/admin/Sites/aliyunShuning/tuxi/ThinkPHP/Common/functions.php 第 1263 行.
NOTIC: [8] Undefined index: genre /Users/admin/Sites/aliyunShuning/tuxi/Application/Home/Controller/PhotoController.class.php 第 23 行.
NOTIC: [8] Undefined index: format /Users/admin/Sites/aliyunShuning/tuxi/Application/Home/Controller/PhotoController.class.php 第 31 行.
NOTIC: [8] Undefined index: rank /Users/admin/Sites/aliyunShuning/tuxi/Application/Home/Controller/PhotoController.class.php 第 41 行.
NOTIC: [8] Undefined index: rank /Users/admin/Sites/aliyunShuning/tuxi/Application/Home/Controller/PhotoController.class.php 第 45 行.
NOTIC: [8] Undefined index: rank /Users/admin/Sites/aliyunShuning/tuxi/Application/Home/Controller/PhotoController.class.php 第 48 行.
NOTIC: [8] Undefined index: size /Users/admin/Sites/aliyunShuning/tuxi/Application/Home/Controller/PhotoController.class.php 第 52 行.
NOTIC: [8] Undefined variable: format /Users/admin/Sites/aliyunShuning/tuxi/Application/Home/Controller/PhotoController.class.php 第 61 行.
NOTIC: [8] Undefined variable: size /Users/admin/Sites/aliyunShuning/tuxi/Application/Home/Controller/PhotoController.class.php 第 63 行.
NOTIC: [8] Undefined variable: format /Users/admin/Sites/aliyunShuning/tuxi/Application/Home/Controller/PhotoController.class.php 第 65 行.
NOTIC: [8] Use of undefined constant desc - assumed 'desc' /Users/admin/Sites/aliyunShuning/tuxi/Application/Home/Controller/PhotoController.class.php 第 71 行.
SQL: SHOW COLUMNS FROM `x_photo` [ RunTime:0.0218s ]
NOTIC: [8] Undefined variable: where /Users/admin/Sites/aliyunShuning/tuxi/Application/Home/Controller/PhotoController.class.php 第 74 行.
SQL: SELECT COUNT(*) AS tp_count FROM `x_photo` LIMIT 1   [ RunTime:0.0217s ]
NOTIC: [8] Undefined variable: where /Users/admin/Sites/aliyunShuning/tuxi/Application/Home/Controller/PhotoController.class.php 第 78 行.
SQL: SELECT * FROM `x_photo` ORDER BY `photo_rank` desc LIMIT 0,54   [ RunTime:0.0896s ]
NOTIC: [8] Undefined index: uid /Users/admin/Sites/aliyunShuning/tuxi/Application/Home/Controller/PhotoController.class.php 第 84 行.
INFO: [ view_parse ] --START--
INFO: [ template_filter ] --START--
INFO: Run Behavior\ContentReplaceBehavior [ RunTime:0.000089s ]
INFO: [ template_filter ] --END-- [ RunTime:0.000142s ]
NOTIC: [8] Undefined index: uid /Users/admin/Sites/aliyunShuning/tuxi/Application/Runtime/Cache/Home/558a3efeccaa3bb0fbbca1a94fd73cdc.php 第 51 行.
NOTIC: [8] Undefined index: collect /Users/admin/Sites/aliyunShuning/tuxi/Application/Runtime/Cache/Home/558a3efeccaa3bb0fbbca1a94fd73cdc.php 第 324 行.
NOTIC: [8] Undefined index: praise /Users/admin/Sites/aliyunShuning/tuxi/Application/Runtime/Cache/Home/558a3efeccaa3bb0fbbca1a94fd73cdc.php 第 330 行.
NOTIC: [8] Undefined index: collect /Users/admin/Sites/aliyunShuning/tuxi/Application/Runtime/Cache/Home/558a3efeccaa3bb0fbbca1a94fd73cdc.php 第 324 行.
NOTIC: [8] Undefined index: praise /Users/admin/Sites/aliyunShuning/tuxi/Application/Runtime/Cache/Home/558a3efeccaa3bb0fbbca1a94fd73cdc.php 第 330 行.
NOTIC: [8] Undefined index: collect /Users/admin/Sites/aliyunShuning/tuxi/Application/Runtime/Cache/Home/558a3efeccaa3bb0fbbca1a94fd73cdc.php 第 324 行.
NOTIC: [8] Undefined index: praise /Users/admin/Sites/aliyunShuning/tuxi/Application/Runtime/Cache/Home/558a3efeccaa3bb0fbbca1a94fd73cdc.php 第 330 行.
NOTIC: [8] Undefined index: collect /Users/admin/Sites/aliyunShuning/tuxi/Application/Runtime/Cache/Home/558a3efeccaa3bb0fbbca1a94fd73cdc.php 第 324 行.
NOTIC: [8] Undefined index: praise /Users/admin/Sites/aliyunShuning/tuxi/Application/Runtime/Cache/Home/558a3efeccaa3bb0fbbca1a94fd73cdc.php 第 330 行.
NOTIC: [8] Undefined index: collect /Users/admin/Sites/aliyunShuning/tuxi/Application/Runtime/Cache/Home/558a3efeccaa3bb0fbbca1a94fd73cdc.php 第 324 行.
NOTIC: [8] Undefined index: praise /Users/admin/Sites/aliyunShuning/tuxi/Application/Runtime/Cache/Home/558a3efeccaa3bb0fbbca1a94fd73cdc.php 第 330 行.
NOTIC: [8] Undefined index: collect /Users/admin/Sites/aliyunShuning/tuxi/Application/Runtime/Cache/Home/558a3efeccaa3bb0fbbca1a94fd73cdc.php 第 324 行.
NOTIC: [8] Undefined index: praise /Users/admin/Sites/aliyunShuning/tuxi/Application/Runtime/Cache/Home/558a3efeccaa3bb0fbbca1a94fd73cdc.php 第 330 行.
NOTIC: [8] Undefined index: collect /Users/admin/Sites/aliyunShuning/tuxi/Application/Runtime/Cache/Home/558a3efeccaa3bb0fbbca1a94fd73cdc.php 第 324 行.
NOTIC: [8] Undefined index: praise /Users/admin/Sites/aliyunShuning/tuxi/Application/Runtime/Cache/Home/558a3efeccaa3bb0fbbca1a94fd73cdc.php 第 330 行.
NOTIC: [8] Undefined index: collect /Users/admin/Sites/aliyunShuning/tuxi/Application/Runtime/Cache/Home/558a3efeccaa3bb0fbbca1a94fd73cdc.php 第 324 行.
NOTIC: [8] Undefined index: praise /Users/admin/Sites/aliyunShuning/tuxi/Application/Runtime/Cache/Home/558a3efeccaa3bb0fbbca1a94fd73cdc.php 第 330 行.
NOTIC: [8] Undefined index: collect /Users/admin/Sites/aliyunShuning/tuxi/Application/Runtime/Cache/Home/558a3efeccaa3bb0fbbca1a94fd73cdc.php 第 324 行.
NOTIC: [8] Undefined index: praise /Users/admin/Sites/aliyunShuning/tuxi/Application/Runtime/Cache/Home/558a3efeccaa3bb0fbbca1a94fd73cdc.php 第 330 行.
NOTIC: [8] Undefined index: collect /Users/admin/Sites/aliyunShuning/tuxi/Application/Runtime/Cache/Home/558a3efeccaa3bb0fbbca1a94fd73cdc.php 第 324 行.
NOTIC: [8] Undefined index: praise /Users/admin/Sites/aliyunShuning/tuxi/Application/Runtime/Cache/Home/558a3efeccaa3bb0fbbca1a94fd73cdc.php 第 330 行.
NOTIC: [8] Undefined index: collect /Users/admin/Sites/aliyunShuning/tuxi/Application/Runtime/Cache/Home/558a3efeccaa3bb0fbbca1a94fd73cdc.php 第 324 行.
NOTIC: [8] Undefined index: praise /Users/admin/Sites/aliyunShuning/tuxi/Application/Runtime/Cache/Home/558a3efeccaa3bb0fbbca1a94fd73cdc.php 第 330 行.
NOTIC: [8] Undefined index: collect /Users/admin/Sites/aliyunShuning/tuxi/Application/Runtime/Cache/Home/558a3efeccaa3bb0fbbca1a94fd73cdc.php 第 324 行.
NOTIC: [8] Undefined index: praise /Users/admin/Sites/aliyunShuning/tuxi/Application/Runtime/Cache/Home/558a3efeccaa3bb0fbbca1a94fd73cdc.php 第 330 行.
INFO: Run Behavior\ParseTemplateBehavior [ RunTime:0.026017s ]
INFO: [ view_parse ] --END-- [ RunTime:0.026061s ]
INFO: [ view_filter ] --START--
INFO: Run Behavior\WriteHtmlCacheBehavior [ RunTime:0.000335s ]
INFO: [ view_filter ] --END-- [ RunTime:0.000363s ]
INFO: [ app_end ] --START--
INFO: Run Behavior\ShowPageTraceBehavior [ RunTime:0.000639s ]
INFO: [ app_end ] --END-- [ RunTime:0.000695s ]

[ 2015-12-07T14:52:02+08:00 ] 127.0.0.1 /
INFO: [ app_init ] --START--
INFO: Run Behavior\BuildLiteBehavior [ RunTime:0.000010s ]
INFO: [ app_init ] --END-- [ RunTime:0.000374s ]
INFO: [ app_begin ] --START--
INFO: Run Behavior\ReadHtmlCacheBehavior [ RunTime:0.001067s ]
INFO: [ app_begin ] --END-- [ RunTime:0.001189s ]
NOTIC: [8] A session had already been started - ignoring session_start() /Users/admin/Sites/aliyunShuning/tuxi/ThinkPHP/Common/functions.php 第 1263 行.
INFO: [ view_parse ] --START--
INFO: [ template_filter ] --START--
INFO: Run Behavior\ContentReplaceBehavior [ RunTime:0.000044s ]
INFO: [ template_filter ] --END-- [ RunTime:0.000103s ]
NOTIC: [8] Undefined index: uid /Users/admin/Sites/aliyunShuning/tuxi/Application/Runtime/Cache/Home/2a94b8bda04ff446dcedd42276fc99ee.php 第 225 行.
INFO: Run Behavior\ParseTemplateBehavior [ RunTime:0.007995s ]
INFO: [ view_parse ] --END-- [ RunTime:0.008056s ]
INFO: [ view_filter ] --START--
INFO: Run Behavior\WriteHtmlCacheBehavior [ RunTime:0.000430s ]
INFO: [ view_filter ] --END-- [ RunTime:0.000463s ]
INFO: [ app_end ] --START--
INFO: Run Behavior\ShowPageTraceBehavior [ RunTime:0.000743s ]
INFO: [ app_end ] --END-- [ RunTime:0.000798s ]

[ 2015-12-07T14:52:05+08:00 ] 127.0.0.1 /Home/Index/index.html
INFO: [ app_init ] --START--
INFO: Run Behavior\BuildLiteBehavior [ RunTime:0.000010s ]
INFO: [ app_init ] --END-- [ RunTime:0.000227s ]
INFO: [ app_begin ] --START--
INFO: Run Behavior\ReadHtmlCacheBehavior [ RunTime:0.000353s ]
INFO: [ app_begin ] --END-- [ RunTime:0.000407s ]
NOTIC: [8] A session had already been started - ignoring session_start() /Users/admin/Sites/aliyunShuning/tuxi/ThinkPHP/Common/functions.php 第 1263 行.
INFO: [ view_parse ] --START--
INFO: [ template_filter ] --START--
INFO: Run Behavior\ContentReplaceBehavior [ RunTime:0.000105s ]
INFO: [ template_filter ] --END-- [ RunTime:0.000157s ]
NOTIC: [8] Undefined index: uid /Users/admin/Sites/aliyunShuning/tuxi/Application/Runtime/Cache/Home/2a94b8bda04ff446dcedd42276fc99ee.php 第 225 行.
INFO: Run Behavior\ParseTemplateBehavior [ RunTime:0.010465s ]
INFO: [ view_parse ] --END-- [ RunTime:0.010524s ]
INFO: [ view_filter ] --START--
INFO: Run Behavior\WriteHtmlCacheBehavior [ RunTime:0.000154s ]
INFO: [ view_filter ] --END-- [ RunTime:0.000176s ]
INFO: [ app_end ] --START--
INFO: Run Behavior\ShowPageTraceBehavior [ RunTime:0.000387s ]
INFO: [ app_end ] --END-- [ RunTime:0.000431s ]

[ 2015-12-07T14:53:42+08:00 ] 127.0.0.1 /
INFO: [ app_init ] --START--
INFO: Run Behavior\BuildLiteBehavior [ RunTime:0.000032s ]
INFO: [ app_init ] --END-- [ RunTime:0.000369s ]
INFO: [ app_begin ] --START--
INFO: Run Behavior\ReadHtmlCacheBehavior [ RunTime:0.000444s ]
INFO: [ app_begin ] --END-- [ RunTime:0.000522s ]
NOTIC: [8] A session had already been started - ignoring session_start() /Users/admin/Sites/aliyunShuning/tuxi/ThinkPHP/Common/functions.php 第 1263 行.
INFO: [ view_parse ] --START--
INFO: [ template_filter ] --START--
INFO: Run Behavior\ContentReplaceBehavior [ RunTime:0.000040s ]
INFO: [ template_filter ] --END-- [ RunTime:0.000079s ]
NOTIC: [8] Undefined index: uid /Users/admin/Sites/aliyunShuning/tuxi/Application/Runtime/Cache/Home/2a94b8bda04ff446dcedd42276fc99ee.php 第 225 行.
INFO: Run Behavior\ParseTemplateBehavior [ RunTime:0.005839s ]
INFO: [ view_parse ] --END-- [ RunTime:0.005897s ]
INFO: [ view_filter ] --START--
INFO: Run Behavior\WriteHtmlCacheBehavior [ RunTime:0.000132s ]
INFO: [ view_filter ] --END-- [ RunTime:0.000160s ]
INFO: [ app_end ] --START--
INFO: Run Behavior\ShowPageTraceBehavior [ RunTime:0.000427s ]
INFO: [ app_end ] --END-- [ RunTime:0.000489s ]

[ 2015-12-07T15:06:26+08:00 ] 127.0.0.1 /Home/Index/index.html
INFO: [ app_init ] --START--
INFO: Run Behavior\BuildLiteBehavior [ RunTime:0.000022s ]
INFO: [ app_init ] --END-- [ RunTime:0.000484s ]
INFO: [ app_begin ] --START--
INFO: Run Behavior\ReadHtmlCacheBehavior [ RunTime:0.000945s ]
INFO: [ app_begin ] --END-- [ RunTime:0.001034s ]
NOTIC: [8] A session had already been started - ignoring session_start() /Users/admin/Sites/aliyunShuning/tuxi/ThinkPHP/Common/functions.php 第 1263 行.
INFO: [ view_parse ] --START--
INFO: [ template_filter ] --START--
INFO: Run Behavior\ContentReplaceBehavior [ RunTime:0.000053s ]
INFO: [ template_filter ] --END-- [ RunTime:0.000093s ]
NOTIC: [8] Undefined index: uid /Users/admin/Sites/aliyunShuning/tuxi/Application/Runtime/Cache/Home/2a94b8bda04ff446dcedd42276fc99ee.php 第 225 行.
INFO: Run Behavior\ParseTemplateBehavior [ RunTime:0.013122s ]
INFO: [ view_parse ] --END-- [ RunTime:0.013211s ]
INFO: [ view_filter ] --START--
INFO: Run Behavior\WriteHtmlCacheBehavior [ RunTime:0.000290s ]
INFO: [ view_filter ] --END-- [ RunTime:0.000316s ]
INFO: [ app_end ] --START--
INFO: Run Behavior\ShowPageTraceBehavior [ RunTime:0.000646s ]
INFO: [ app_end ] --END-- [ RunTime:0.000705s ]

[ 2015-12-07T15:15:27+08:00 ] 127.0.0.1 /
INFO: [ app_init ] --START--
INFO: Run Behavior\BuildLiteBehavior [ RunTime:0.000010s ]
INFO: [ app_init ] --END-- [ RunTime:0.000416s ]
INFO: [ app_begin ] --START--
INFO: Run Behavior\ReadHtmlCacheBehavior [ RunTime:0.000500s ]
INFO: [ app_begin ] --END-- [ RunTime:0.000546s ]
NOTIC: [8] A session had already been started - ignoring session_start() /Users/admin/Sites/aliyunShuning/tuxi/ThinkPHP/Common/functions.php 第 1263 行.
INFO: [ view_parse ] --START--
INFO: [ template_filter ] --START--
INFO: Run Behavior\ContentReplaceBehavior [ RunTime:0.000038s ]
INFO: [ template_filter ] --END-- [ RunTime:0.000073s ]
NOTIC: [8] Undefined index: uid /Users/admin/Sites/aliyunShuning/tuxi/Application/Runtime/Cache/Home/2a94b8bda04ff446dcedd42276fc99ee.php 第 225 行.
INFO: Run Behavior\ParseTemplateBehavior [ RunTime:0.007809s ]
INFO: [ view_parse ] --END-- [ RunTime:0.007844s ]
INFO: [ view_filter ] --START--
INFO: Run Behavior\WriteHtmlCacheBehavior [ RunTime:0.000272s ]
INFO: [ view_filter ] --END-- [ RunTime:0.000297s ]
INFO: [ app_end ] --START--
INFO: Run Behavior\ShowPageTraceBehavior [ RunTime:0.000514s ]
INFO: [ app_end ] --END-- [ RunTime:0.000559s ]

